This is pdfTeX, Version 3.14159265-2.6-1.40.18 (TeX Live 2017/Debian) (preloaded format=pdflatex 2020.3.11)  20 MAR 2020 18:54
entering extended mode
 restricted \write18 enabled.
 file:line:error style messages enabled.
 %&-line parsing enabled.
**/home/retr0/Documents/PAPER1_KJM.tex
(/home/retr0/Documents/PAPER1_KJM.tex
LaTeX2e <2017-04-15>
Babel <3.18> and hyphenation patterns for 84 language(s) loaded.
(/usr/share/texlive/texmf-dist/tex/latex/base/article.cls
Document Class: article 2014/09/29 v1.4h Standard LaTeX document class
(/usr/share/texlive/texmf-dist/tex/latex/base/leqno.clo
File: leqno.clo 2016/12/29 v1.2a Standard LaTeX option (left equation numbers)
) (/usr/share/texlive/texmf-dist/tex/latex/base/size10.clo
File: size10.clo 2014/09/29 v1.4h Standard LaTeX file (size option)
)
\c@part=\count79
\c@section=\count80
\c@subsection=\count81
\c@subsubsection=\count82
\c@paragraph=\count83
\c@subparagraph=\count84
\c@figure=\count85
\c@table=\count86
\abovecaptionskip=\skip41
\belowcaptionskip=\skip42
\bibindent=\dimen102
) (/usr/share/texlive/texmf-dist/tex/latex/amsmath/amsmath.sty
Package: amsmath 2017/09/02 v2.17a AMS math features
\@mathmargin=\skip43

For additional information on amsmath, use the `?' option.
(/usr/share/texlive/texmf-dist/tex/latex/amsmath/amstext.sty
Package: amstext 2000/06/29 v2.01 AMS text
 (/usr/share/texlive/texmf-dist/tex/latex/amsmath/amsgen.sty
File: amsgen.sty 1999/11/30 v2.0 generic functions
\@emptytoks=\toks14
\ex@=\dimen103
)) (/usr/share/texlive/texmf-dist/tex/latex/amsmath/amsbsy.sty
Package: amsbsy 1999/11/29 v1.2d Bold Symbols
\pmbraise@=\dimen104
) (/usr/share/texlive/texmf-dist/tex/latex/amsmath/amsopn.sty
Package: amsopn 2016/03/08 v2.02 operator names
)
\inf@bad=\count87
LaTeX Info: Redefining \frac on input line 213.
\uproot@=\count88
\leftroot@=\count89
LaTeX Info: Redefining \overline on input line 375.
\classnum@=\count90
\DOTSCASE@=\count91
LaTeX Info: Redefining \ldots on input line 472.
LaTeX Info: Redefining \dots on input line 475.
LaTeX Info: Redefining \cdots on input line 596.
\Mathstrutbox@=\box26
\strutbox@=\box27
\big@size=\dimen105
LaTeX Font Info:    Redeclaring font encoding OML on input line 712.
LaTeX Font Info:    Redeclaring font encoding OMS on input line 713.
\macc@depth=\count92
\c@MaxMatrixCols=\count93
\dotsspace@=\muskip10
\c@parentequation=\count94
\dspbrk@lvl=\count95
\tag@help=\toks15
\row@=\count96
\column@=\count97
\maxfields@=\count98
\andhelp@=\toks16
\eqnshift@=\dimen106
\alignsep@=\dimen107
\tagshift@=\dimen108
\tagwidth@=\dimen109
\totwidth@=\dimen110
\lineht@=\dimen111
\@envbody=\toks17
\multlinegap=\skip44
\multlinetaggap=\skip45
\mathdisplay@stack=\toks18
LaTeX Info: Redefining \[ on input line 2817.
LaTeX Info: Redefining \] on input line 2818.
) (/usr/share/texlive/texmf-dist/tex/latex/amscls/amsthm.sty
Package: amsthm 2017/10/31 v2.20.4
\thm@style=\toks19
\thm@bodyfont=\toks20
\thm@headfont=\toks21
\thm@notefont=\toks22
\thm@headpunct=\toks23
\thm@preskip=\skip46
\thm@postskip=\skip47
\thm@headsep=\skip48
\dth@everypar=\toks24
) (/usr/share/texlive/texmf-dist/tex/latex/base/doc.sty
Package: doc 2016/02/15 v2.1g Standard LaTeX documentation package (FMi)
\c@StandardModuleDepth=\count99
\guard@level=\count100
\MacrocodeTopsep=\skip49
\MacroIndent=\dimen112
\macro@cnt=\count101
\MacroTopsep=\skip50
\index@excludelist=\toks25
 (/usr/share/texlive/texmf-dist/tex/latex/tools/multicol.sty
Package: multicol 2017/04/11 v1.8q multicolumn formatting (FMi)
\c@tracingmulticols=\count102
\mult@box=\box28
\multicol@leftmargin=\dimen113
\c@unbalance=\count103
\c@collectmore=\count104
\doublecol@number=\count105
\multicoltolerance=\count106
\multicolpretolerance=\count107
\full@width=\dimen114
\page@free=\dimen115
\premulticols=\dimen116
\postmulticols=\dimen117
\multicolsep=\skip51
\multicolbaselineskip=\skip52
\partial@page=\box29
\last@line=\box30
\maxbalancingoverflow=\dimen118
\mult@rightbox=\box31
\mult@grightbox=\box32
\mult@gfirstbox=\box33
\mult@firstbox=\box34
\@tempa=\box35
\@tempa=\box36
\@tempa=\box37
\@tempa=\box38
\@tempa=\box39
\@tempa=\box40
\@tempa=\box41
\@tempa=\box42
\@tempa=\box43
\@tempa=\box44
\@tempa=\box45
\@tempa=\box46
\@tempa=\box47
\@tempa=\box48
\@tempa=\box49
\@tempa=\box50
\@tempa=\box51
\c@columnbadness=\count108
\c@finalcolumnbadness=\count109
\last@try=\dimen119
\multicolovershoot=\dimen120
\multicolundershoot=\dimen121
\mult@nat@firstbox=\box52
\colbreak@box=\box53
\mc@col@check@num=\count110
)
\IndexMin=\dimen122
\c@IndexColumns=\count111
\GlossaryMin=\dimen123
\c@GlossaryColumns=\count112
\check@sum=\count113
\bslash@cnt=\count114
\wrong@table=\toks26
\c@CodelineNo=\count115
) (/usr/share/texlive/texmf-dist/tex/latex/graphics/graphicx.sty
Package: graphicx 2017/06/01 v1.1a Enhanced LaTeX Graphics (DPC,SPQR)
 (/usr/share/texlive/texmf-dist/tex/latex/graphics/keyval.sty
Package: keyval 2014/10/28 v1.15 key=value parser (DPC)
\KV@toks@=\toks27
) (/usr/share/texlive/texmf-dist/tex/latex/graphics/graphics.sty
Package: graphics 2017/06/25 v1.2c Standard LaTeX Graphics (DPC,SPQR)
 (/usr/share/texlive/texmf-dist/tex/latex/graphics/trig.sty
Package: trig 2016/01/03 v1.10 sin cos tan (DPC)
) (/usr/share/texlive/texmf-dist/tex/latex/graphics-cfg/graphics.cfg
File: graphics.cfg 2016/06/04 v1.11 sample graphics configuration
)
Package graphics Info: Driver file: pdftex.def on input line 99.
 (/usr/share/texlive/texmf-dist/tex/latex/graphics-def/pdftex.def
File: pdftex.def 2018/01/08 v1.0l Graphics/color driver for pdftex
))
\Gin@req@height=\dimen124
\Gin@req@width=\dimen125
) (/usr/share/texlive/texmf-dist/tex/latex/float/float.sty
Package: float 2001/11/08 v1.3d Float enhancements (AL)
\c@float@type=\count116
\float@exts=\toks28
\float@box=\box54
\@float@everytoks=\toks29
\@floatcapt=\box55
) (/usr/share/texlive/texmf-dist/tex/latex/base/latexsym.sty
Package: latexsym 1998/08/17 v2.2e Standard LaTeX package (lasy symbols)
\symlasy=\mathgroup4
LaTeX Font Info:    Overwriting symbol font `lasy' in version `bold'
(Font)                  U/lasy/m/n --> U/lasy/b/n on input line 52.
) (/usr/share/texlive/texmf-dist/tex/latex/amsmath/amscd.sty
Package: amscd 2017/04/14 v2.1 AMS Commutative Diagrams
\athelp@=\toks30
\minaw@=\dimen126
\bigaw@=\dimen127
\minCDarrowwidth=\dimen128
) (/usr/share/texlive/texmf-dist/tex/latex/subfig/subfig.sty
Package: subfig 2005/06/28 ver: 1.3 subfig package
 (/usr/share/texlive/texmf-dist/tex/latex/caption/caption.sty
Package: caption 2016/02/21 v3.3-144 Customizing captions (AR)
 (/usr/share/texlive/texmf-dist/tex/latex/caption/caption3.sty
Package: caption3 2016/05/22 v1.7-166 caption3 kernel (AR)
Package caption3 Info: TeX engine: e-TeX on input line 67.
\captionmargin=\dimen129
\captionmargin@=\dimen130
\captionwidth=\dimen131
\caption@tempdima=\dimen132
\caption@indent=\dimen133
\caption@parindent=\dimen134
\caption@hangindent=\dimen135
)
\c@ContinuedFloat=\count117
Package caption Info: float package is loaded.
)
\c@KVtest=\count118
\sf@farskip=\skip53
\sf@captopadj=\dimen136
\sf@capskip=\skip54
\sf@nearskip=\skip55
\c@subfigure=\count119
\c@subfigure@save=\count120
\c@lofdepth=\count121
\c@subtable=\count122
\c@subtable@save=\count123
\c@lotdepth=\count124
\sf@top=\skip56
\sf@bottom=\skip57
) (/usr/share/texlive/texmf-dist/tex/generic/xypic/xy.sty (/usr/share/texlive/texmf-dist/tex/generic/xypic/xy.tex Bootstrap'ing: catcodes, docmode, (/usr/share/texlive/texmf-dist/tex/generic/xypic/xyrecat.tex) (/usr/share/texlive/texmf-dist/tex/generic/xypic/xyidioms.tex)

 Xy-pic version 3.8.9 <2013/10/06>
 Copyright (c) 1991-2013 by Kristoffer H. Rose <krisrose@tug.org> and others
 Xy-pic is free software: see the User's Guide for details.

Loading kernel: messages; fonts; allocations: state,
\X@c=\dimen137
\Y@c=\dimen138
\U@c=\dimen139
\D@c=\dimen140
\L@c=\dimen141
\R@c=\dimen142
\Edge@c=\toks31
\X@p=\dimen143
\Y@p=\dimen144
\U@p=\dimen145
\D@p=\dimen146
\L@p=\dimen147
\R@p=\dimen148
\Edge@p=\toks32
\X@origin=\dimen149
\Y@origin=\dimen150
\X@xbase=\dimen151
\Y@xbase=\dimen152
\X@ybase=\dimen153
\Y@ybase=\dimen154
\X@min=\dimen155
\Y@min=\dimen156
\X@max=\dimen157
\Y@max=\dimen158
\lastobjectbox@=\box56
\zerodotbox@=\box57
\almostz@=\dimen159
 direction,
\d@X=\dimen160
\d@Y=\dimen161
\K@=\count125
\KK@=\count126
\Direction=\count127
\K@dXdY=\dimen162
\K@dYdX=\dimen163
\xyread@=\read1
\xywrite@=\write3
\csp@=\count128
\quotPTK@=\dimen164
 utility macros; pictures: \xy, positions,
\swaptoks@@=\toks33
\connectobjectbox@@=\box58
 objects,
\styletoks@=\toks34
 decorations; kernel objects: directionals, circles, text; options; algorithms: directions, edges, connections;  Xy-pic loaded) (/usr/share/texlive/texmf-dist/tex/generic/oberdiek/ifpdf.sty
Package: ifpdf 2017/03/15 v3.2 Provides the ifpdf switch
)
Package: xy 2013/10/06 Xy-pic version 3.8.9
 (/usr/share/texlive/texmf-dist/tex/generic/xypic/xycmtip.tex  Xy-pic option: Computer Modern tip extension v.3.7 (/usr/share/texlive/texmf-dist/tex/generic/xypic/xytips.tex  Xy-pic option: More Tips extension v.3.11 loaded) loaded) (/usr/share/texlive/texmf-dist/tex/generic/xypic/xyframe.tex  Xy-pic option: Frame and Bracket extension v.3.14 loaded) (/usr/share/texlive/texmf-dist/tex/generic/xypic/xyarrow.tex  Xy-pic option: Arrow and Path feature v.3.9 path, \ar, loaded) (/usr/share/texlive/texmf-dist/tex/generic/xypic/xymatrix.tex  Xy-pic option: Matrix feature v.3.14
\Row=\count129
\Col=\count130
\queue@=\toks35
\queue@@=\toks36
\qcount@=\count131
\qcount@@=\count132
\matrixsize@=\count133
 loaded) (/usr/share/texlive/texmf-dist/tex/generic/xypic/xyline.tex  Xy-pic option: Line styles extension v.3.10
\xylinethick@=\dimen165
 loaded) (/usr/share/texlive/texmf-dist/tex/generic/xypic/xygraph.tex  Xy-pic option: Graph feature v.3.11 loaded) (/usr/share/texlive/texmf-dist/tex/generic/xypic/xycurve.tex  Xy-pic option: Curve and Spline extension v.3.12 curve,
\crv@cnt@=\count134
\crvpts@=\toks37
\splinebox@=\box59
\splineval@=\dimen166
\splinedepth@=\dimen167
\splinetol@=\dimen168
\splinelength@=\dimen169
 circles,
\L@=\dimen170
 loaded) (/usr/share/texlive/texmf-dist/tex/generic/xypic/xypdf.tex  Xy-pic option: PDF driver v.1.7 Xy-pic pdf driver: `curve' extension support (/usr/share/texlive/texmf-dist/tex/generic/xypic/xypdf-cu.tex loaded) Xy-pic pdf driver: `frame' extension support (/usr/share/texlive/texmf-dist/tex/generic/xypic/xypdf-fr.tex loaded) Xy-pic pdf driver: `line' extension support (/usr/share/texlive/texmf-dist/tex/generic/xypic/xypdf-li.tex loaded) loaded)) (/usr/share/texlive/texmf-dist/tex/latex/graphics/epsfig.sty
Package: epsfig 2017/06/25 v1.7b (e)psfig emulation (SPQR)
\epsfxsize=\dimen171
\epsfysize=\dimen172
) (/usr/share/texlive/texmf-dist/tex/latex/amsfonts/eucal.sty
Package: eucal 2009/06/22 v3.00 Euler Script fonts
LaTeX Font Info:    Overwriting math alphabet `\EuScript' in version `bold'
(Font)                  U/eus/m/n --> U/eus/b/n on input line 33.
) (/usr/share/texlive/texmf-dist/tex/latex/jknapltx/mathrsfs.sty
Package: mathrsfs 1996/01/01 Math RSFS package v1.0 (jk)
\symrsfs=\mathgroup5
) (/home/retr0/Documents/PAPER1_KJM.aux)
\openout1 = `PAPER1_KJM.aux'.

LaTeX Font Info:    Checking defaults for OML/cmm/m/it on input line 23.
LaTeX Font Info:    ... okay on input line 23.
LaTeX Font Info:    Checking defaults for T1/cmr/m/n on input line 23.
LaTeX Font Info:    ... okay on input line 23.
LaTeX Font Info:    Checking defaults for OT1/cmr/m/n on input line 23.
LaTeX Font Info:    ... okay on input line 23.
LaTeX Font Info:    Checking defaults for OMS/cmsy/m/n on input line 23.
LaTeX Font Info:    ... okay on input line 23.
LaTeX Font Info:    Checking defaults for OMX/cmex/m/n on input line 23.
LaTeX Font Info:    ... okay on input line 23.
LaTeX Font Info:    Checking defaults for U/cmr/m/n on input line 23.
LaTeX Font Info:    ... okay on input line 23.
 (/usr/share/texlive/texmf-dist/tex/context/base/mkii/supp-pdf.mkii
[Loading MPS to PDF converter (version 2006.09.02).]
\scratchcounter=\count135
\scratchdimen=\dimen173
\scratchbox=\box60
\nofMPsegments=\count136
\nofMParguments=\count137
\everyMPshowfont=\toks38
\MPscratchCnt=\count138
\MPscratchDim=\dimen174
\MPnumerator=\count139
\makeMPintoPDFobject=\count140
\everyMPtoPDFconversion=\toks39
) (/usr/share/texlive/texmf-dist/tex/latex/oberdiek/epstopdf-base.sty
Package: epstopdf-base 2016/05/15 v2.6 Base part for package epstopdf
 (/usr/share/texlive/texmf-dist/tex/generic/oberdiek/infwarerr.sty
Package: infwarerr 2016/05/16 v1.4 Providing info/warning/error messages (HO)
) (/usr/share/texlive/texmf-dist/tex/latex/oberdiek/grfext.sty
Package: grfext 2016/05/16 v1.2 Manage graphics extensions (HO)
 (/usr/share/texlive/texmf-dist/tex/generic/oberdiek/kvdefinekeys.sty
Package: kvdefinekeys 2016/05/16 v1.4 Define keys (HO)
 (/usr/share/texlive/texmf-dist/tex/generic/oberdiek/ltxcmds.sty
Package: ltxcmds 2016/05/16 v1.23 LaTeX kernel commands for general use (HO)
))) (/usr/share/texlive/texmf-dist/tex/latex/oberdiek/kvoptions.sty
Package: kvoptions 2016/05/16 v3.12 Key value format for package options (HO)
 (/usr/share/texlive/texmf-dist/tex/generic/oberdiek/kvsetkeys.sty
Package: kvsetkeys 2016/05/16 v1.17 Key value parser (HO)
 (/usr/share/texlive/texmf-dist/tex/generic/oberdiek/etexcmds.sty
Package: etexcmds 2016/05/16 v1.6 Avoid name clashes with e-TeX commands (HO)
 (/usr/share/texlive/texmf-dist/tex/generic/oberdiek/ifluatex.sty
Package: ifluatex 2016/05/16 v1.4 Provides the ifluatex switch (HO)
Package ifluatex Info: LuaTeX not detected.
)
Package etexcmds Info: Could not find \expanded.
(etexcmds)             That can mean that you are not using pdfTeX 1.50 or
(etexcmds)             that some package has redefined \expanded.
(etexcmds)             In the latter case, load this package earlier.
))) (/usr/share/texlive/texmf-dist/tex/generic/oberdiek/pdftexcmds.sty
Package: pdftexcmds 2018/01/21 v0.26 Utility functions of pdfTeX for LuaTeX (HO)
Package pdftexcmds Info: LuaTeX not detected.
Package pdftexcmds Info: \pdf@primitive is available.
Package pdftexcmds Info: \pdf@ifprimitive is available.
Package pdftexcmds Info: \pdfdraftmode found.
)
Package epstopdf-base Info: Redefining graphics rule for `.eps' on input line 438.
Package grfext Info: Graphics extension search list:
(grfext)             [.pdf,.png,.jpg,.mps,.jpeg,.jbig2,.jb2,.PDF,.PNG,.JPG,.JPEG,.JBIG2,.JB2,.eps]
(grfext)             \AppendGraphicsExtensions on input line 456.
 (/usr/share/texlive/texmf-dist/tex/latex/latexconfig/epstopdf-sys.cfg
File: epstopdf-sys.cfg 2010/07/13 v1.3 Configuration of (r)epstopdf for TeX Live
))
Package caption Info: Begin \AtBeginDocument code.
Package caption Info: subfig package v1.3 is loaded.
Package caption Info: End \AtBeginDocument code.
LaTeX Font Info:    Try loading font information for U+lasy on input line 23.
 (/usr/share/texlive/texmf-dist/tex/latex/base/ulasy.fd
File: ulasy.fd 1998/08/17 v2.2e LaTeX symbol font definitions
)
LaTeX Font Info:    Try loading font information for U+rsfs on input line 23.
 (/usr/share/texlive/texmf-dist/tex/latex/jknapltx/ursfs.fd
File: ursfs.fd 1998/03/24 rsfs font definition file (jk)
)
Package xypdf Info: Line width: 0.39998pt on input line 23.
Missing character: There is no ‚ in font cmr10!
Missing character: There is no Ä in font cmr10!
Missing character: There is no ò in font cmr10!
Missing character: There is no ‚ in font cmr10!
Missing character: There is no Ä in font cmr10!
Missing character: There is no ô in font cmr10!
 [1

{/var/lib/texmf/fonts/map/pdftex/updmap/pdftex.map}]
Missing character: There is no ‚ in font cmr10!
Missing character: There is no Ä in font cmr10!
Missing character: There is no ì in font cmr10!

Underfull \hbox (badness 10000) in paragraph at lines 100--104

 []


Underfull \hbox (badness 10000) in paragraph at lines 100--104

 []


Underfull \hbox (badness 10000) in paragraph at lines 106--110

 []

[2]
Underfull \hbox (badness 10000) in paragraph at lines 156--159

 []


Underfull \hbox (badness 10000) in paragraph at lines 183--185

 []


Underfull \hbox (badness 10000) in paragraph at lines 193--197

 []

[3]
Overfull \hbox (0.78114pt too wide) detected at line 257
\OML/cmm/m/it/10 L[]erf\OT1/cmr/m/n/10 (\OML/cmm/m/it/10 t\OT1/cmr/m/n/10 )[] = [] [] [] [][] \OML/cmm/m/it/10 e[]t[]dt \OT1/cmr/m/n/10 = [] [] [][]
 []


Underfull \hbox (badness 10000) in paragraph at lines 257--259

 []

[4]
Overfull \hbox (72.49074pt too wide) detected at line 337
\OML/cmm/m/it/10 L[][]erf\OT1/cmr/m/n/10 (\OML/cmm/m/it/10 t\OT1/cmr/m/n/10 )[] = [] [] [] [][] \OML/cmm/m/it/10 e[]t[]dt \OT1/cmr/m/n/10 = [] [] [][]
 []

[5]
Underfull \hbox (badness 10000) in paragraph at lines 428--432

 []

[6] [7]
Overfull \hbox (53.10468pt too wide) detected at line 640
\OML/cmm/m/it/10 N\OT1/cmr/m/n/10 (\OML/cmm/m/it/10 t\OT1/cmr/m/n/10 ) = \OML/cmm/m/it/10 N[]\OT1/cmr/m/n/10 ^^@[][]\OML/cmm/m/it/10 E[][][][][] \OMS/cmsy/m/n/10 ^^@ [][] [] []\OML/cmm/m/it/10 t[]E[][][][][]
 []


/home/retr0/Documents/PAPER1_KJM.tex:646: LaTeX Error: There's no line here to end.

See the LaTeX manual or LaTeX Companion for explanation.
Type  H <return>  for immediate help.
 ...                                              
                                                  
l.646 {
       \it Proof.}
Your command was ignored.
Type  I <command> <return>  to replace it with another command,
or  <return>  to continue without it.


/home/retr0/Documents/PAPER1_KJM.tex:673: LaTeX Error: There's no line here to end.

See the LaTeX manual or LaTeX Companion for explanation.
Type  H <return>  for immediate help.
 ...                                              
                                                  
l.673 \noindent
               
Your command was ignored.
Type  I <command> <return>  to replace it with another command,
or  <return>  to continue without it.

[8]

/home/retr0/Documents/PAPER1_KJM.tex:750: LaTeX Error: There's no line here to end.

See the LaTeX manual or LaTeX Companion for explanation.
Type  H <return>  for immediate help.
 ...                                              
                                                  
l.750 {
       \it Proof.}
Your command was ignored.
Type  I <command> <return>  to replace it with another command,
or  <return>  to continue without it.


Overfull \hbox (13.20665pt too wide) detected at line 774
\OML/cmm/m/it/10 N\OT1/cmr/m/n/10 (\OML/cmm/m/it/10 t\OT1/cmr/m/n/10 ) = \OML/cmm/m/it/10 N[]t[]E[][] \OMS/cmsy/m/n/10 ^^@ \OML/cmm/m/it/10 N[][] [] []t[]E[][] \OMS/cmsy/m/n/10 ^^@ [][]\OT1/cmr/m/n/10 )
 []

[9]

/home/retr0/Documents/PAPER1_KJM.tex:780: LaTeX Error: There's no line here to end.

See the LaTeX manual or LaTeX Companion for explanation.
Type  H <return>  for immediate help.
 ...                                              
                                                  
l.780 \noindent
               
Your command was ignored.
Type  I <command> <return>  to replace it with another command,
or  <return>  to continue without it.


/home/retr0/Documents/PAPER1_KJM.tex:882: LaTeX Error: There's no line here to end.

See the LaTeX manual or LaTeX Companion for explanation.
Type  H <return>  for immediate help.
 ...                                              
                                                  
l.882 \noindent
               
Your command was ignored.
Type  I <command> <return>  to replace it with another command,
or  <return>  to continue without it.

[10]
Overfull \hbox (21.8905pt too wide) detected at line 907
\OML/cmm/m/it/10 N\OT1/cmr/m/n/10 (\OML/cmm/m/it/10 t\OT1/cmr/m/n/10 ) = \OML/cmm/m/it/10 N[]E[][] \OMS/cmsy/m/n/10 ^^@ \OML/cmm/m/it/10 N[][] [] [][][][][][]E[][] \OMS/cmsy/m/n/10 ^^@ [][]\OT1/cmr/m/n/10 )
 []


/home/retr0/Documents/PAPER1_KJM.tex:912: LaTeX Error: There's no line here to end.

See the LaTeX manual or LaTeX Companion for explanation.
Type  H <return>  for immediate help.
 ...                                              
                                                  
l.912 \noindent
               
Your command was ignored.
Type  I <command> <return>  to replace it with another command,
or  <return>  to continue without it.


Underfull \hbox (badness 10000) in paragraph at lines 935--936

 []

[11]
Overfull \hbox (18.0596pt too wide) detected at line 1013
\OML/cmm/m/it/10 N\OT1/cmr/m/n/10 (\OML/cmm/m/it/10 t\OT1/cmr/m/n/10 ) = []\OML/cmm/m/it/10 E[][] \OMS/cmsy/m/n/10 ^^@ \OML/cmm/m/it/10 N[][] [] [][][][][][]E[][] \OMS/cmsy/m/n/10 ^^@ [][][]
 []


Underfull \hbox (badness 10000) in paragraph at lines 1031--1033

 []


Underfull \hbox (badness 10000) in paragraph at lines 1034--1035

 []

[12]
Overfull \hbox (6.3178pt too wide) detected at line 1112
\OML/cmm/m/it/10 N\OT1/cmr/m/n/10 (\OML/cmm/m/it/10 t\OT1/cmr/m/n/10 ) = [][]\OML/cmm/m/it/10 E[][] \OMS/cmsy/m/n/10 ^^@ \OML/cmm/m/it/10 N[][] [] []t[]E[][] \OMS/cmsy/m/n/10 ^^@ [][]\OT1/cmr/m/n/10 )
 []

<graph2_2.jpg, id=56, 518.93875pt x 345.29pt>
File: graph2_2.jpg Graphic file (type jpg)
<use graph2_2.jpg>
Package pdftex.def Info: graph2_2.jpg  used on input line 1121.
(pdftex.def)             Requested size: 213.39566pt x 141.9913pt.
<graph2_4.jpg, id=57, 309.40594pt x 218.31563pt>
File: graph2_4.jpg Graphic file (type jpg)
<use graph2_4.jpg>
Package pdftex.def Info: graph2_4.jpg  used on input line 1125.
(pdftex.def)             Requested size: 213.39566pt x 150.57797pt.
<graph2_6.jpg, id=58, 518.93875pt x 345.29pt>
File: graph2_6.jpg Graphic file (type jpg)
<use graph2_6.jpg>
Package pdftex.def Info: graph2_6.jpg  used on input line 1130.
(pdftex.def)             Requested size: 213.39566pt x 141.9913pt.
<graph2_8.jpg, id=59, 518.93875pt x 354.32375pt>
File: graph2_8.jpg Graphic file (type jpg)
<use graph2_8.jpg>
Package pdftex.def Info: graph2_8.jpg  used on input line 1135.
(pdftex.def)             Requested size: 213.39566pt x 145.70619pt.
<graph2_10.jpg, id=60, 518.93875pt x 351.3125pt>
File: graph2_10.jpg Graphic file (type jpg)
<use graph2_10.jpg>
Package pdftex.def Info: graph2_10.jpg  used on input line 1140.
(pdftex.def)             Requested size: 213.39566pt x 144.4679pt.
<graph2_12.jpg, id=61, 518.93875pt x 354.32375pt>
File: graph2_12.jpg Graphic file (type jpg)
<use graph2_12.jpg>
Package pdftex.def Info: graph2_12.jpg  used on input line 1145.
(pdftex.def)             Requested size: 213.39566pt x 145.70619pt.
<graph2_14.jpg, id=62, 578.16pt x 348.30125pt>
File: graph2_14.jpg Graphic file (type jpg)
<use graph2_14.jpg>
Package pdftex.def Info: graph2_14.jpg  used on input line 1150.
(pdftex.def)             Requested size: 213.39566pt x 128.55588pt.
<graph2_16.jpg, id=63, 578.16pt x 352.31625pt>
File: graph2_16.jpg Graphic file (type jpg)
<use graph2_16.jpg>
Package pdftex.def Info: graph2_16.jpg  used on input line 1155.
(pdftex.def)             Requested size: 213.39566pt x 130.03778pt.
<graph2_18.jpg, id=64, 596.2275pt x 352.31625pt>
File: graph2_18.jpg Graphic file (type jpg)
<use graph2_18.jpg>
Package pdftex.def Info: graph2_18.jpg  used on input line 1160.
(pdftex.def)             Requested size: 213.39566pt x 126.09724pt.
<graph2_20.jpg, id=65, 518.93875pt x 345.29pt>
File: graph2_20.jpg Graphic file (type jpg)
<use graph2_20.jpg>
Package pdftex.def Info: graph2_20.jpg  used on input line 1165.
(pdftex.def)             Requested size: 213.39566pt x 141.9913pt.
<graph2_22.jpg, id=66, 518.93875pt x 345.29pt>
File: graph2_22.jpg Graphic file (type jpg)
<use graph2_22.jpg>
Package pdftex.def Info: graph2_22.jpg  used on input line 1170.
(pdftex.def)             Requested size: 213.39566pt x 141.9913pt.
<graph2_24.jpg, id=67, 518.93875pt x 345.29pt>
File: graph2_24.jpg Graphic file (type jpg)
<use graph2_24.jpg>
Package pdftex.def Info: graph2_24.jpg  used on input line 1175.
(pdftex.def)             Requested size: 213.39566pt x 141.9913pt.
Missing character: There is no ‚ in font cmr10!
Missing character: There is no Ä in font cmr10!
Missing character: There is no ô in font cmr10!
Missing character: There is no ‚ in font cmti10!
Missing character: There is no Ä in font cmti10!
Missing character: There is no ú in font cmti10!
Missing character: There is no ‚ in font cmti10!
Missing character: There is no Ä in font cmti10!
Missing character: There is no ù in font cmti10!
Missing character: There is no ¬ in font cmr10!
Missing character: There is no † in font cmr10!
Missing character: There is no ¬ in font cmr10!
Missing character: There is no † in font cmr10!
Missing character: There is no ¬ in font cmr10!
Missing character: There is no † in font cmr10!
Missing character: There is no ¬ in font cmr10!
Missing character: There is no † in font cmr10!
Missing character: There is no ‚ in font cmti10!
Missing character: There is no Ä in font cmti10!
Missing character: There is no ú in font cmti10!
Missing character: There is no ‚ in font cmti10!
Missing character: There is no Ä in font cmti10!
Missing character: There is no ù in font cmti10!
Missing character: There is no ‚ in font cmti10!
Missing character: There is no Ä in font cmti10!
Missing character: There is no ú in font cmti10!
Missing character: There is no ‚ in font cmti10!
Missing character: There is no Ä in font cmti10!
Missing character: There is no ù in font cmti10!
Missing character: There is no ‚ in font cmti10!
Missing character: There is no Ä in font cmti10!
Missing character: There is no ú in font cmti10!
Missing character: There is no ‚ in font cmti10!
Missing character: There is no Ä in font cmti10!
Missing character: There is no ù in font cmti10!
Missing character: There is no ‚ in font cmti10!
Missing character: There is no Ä in font cmti10!
Missing character: There is no ú in font cmti10!
Missing character: There is no ‚ in font cmti10!
Missing character: There is no Ä in font cmti10!
Missing character: There is no ù in font cmti10!
Missing character: There is no ‚ in font cmti10!
Missing character: There is no Ä in font cmti10!
Missing character: There is no ú in font cmti10!
Missing character: There is no ‚ in font cmti10!
Missing character: There is no Ä in font cmti10!
Missing character: There is no ù in font cmti10!
Missing character: There is no ‚ in font cmti10!
Missing character: There is no Ä in font cmti10!
Missing character: There is no ú in font cmti10!
Missing character: There is no ‚ in font cmti10!
Missing character: There is no Ä in font cmti10!
Missing character: There is no ù in font cmti10!
Missing character: There is no ‚ in font cmti10!
Missing character: There is no Ä in font cmti10!
Missing character: There is no ú in font cmti10!
Missing character: There is no ‚ in font cmti10!
Missing character: There is no Ä in font cmti10!
Missing character: There is no ù in font cmti10!
Missing character: There is no ¬ in font cmti10!
Missing character: There is no † in font cmti10!

/home/retr0/Documents/PAPER1_KJM.tex:1310: LaTeX Error: \begin{figure} on input line 1119 ended by \end{document}.

See the LaTeX manual or LaTeX Companion for explanation.
Type  H <return>  for immediate help.
 ...                                              
                                                  
l.1310 \end{document}
                     
Your command was ignored.
Type  I <command> <return>  to replace it with another command,
or  <return>  to continue without it.

(/home/retr0/Documents/PAPER1_KJM.aux)

LaTeX Warning: Label(s) may have changed. Rerun to get cross-references right.

/home/retr0/Documents/PAPER1_KJM.tex:1310: You can't use `\end' in internal vertical mode.
\enddocument ... \endgroup \deadcycles \z@ \@@end 
                                                  
l.1310 \end{document}
                     
Sorry, but I'm not programmed to handle this case;
I'll just pretend that you didn't ask for it.
If you're in the wrong mode, you might be able to
return to the right one by typing `I}' or `I$' or `I\par'.


/home/retr0/Documents/PAPER1_KJM.tex:1310: LaTeX Error: \begin{figure} on input line 1119 ended by \end{document}.

See the LaTeX manual or LaTeX Companion for explanation.
Type  H <return>  for immediate help.
 ...                                              
                                                  
l.1310 \end{document}
                     
Your command was ignored.
Type  I <command> <return>  to replace it with another command,
or  <return>  to continue without it.

/home/retr0/Documents/PAPER1_KJM.tex:1310: Missing } inserted.
<inserted text> 
                }
l.1310 \end{document}
                     
I've inserted something that you may have forgotten.
(See the <inserted text> above.)
With luck, this will get me unwedged. But if you
really didn't forget anything, try typing `2' now; then
my insertion and my current dilemma will both disappear.


Underfull \hbox (badness 10000) in paragraph at lines 1118--1311

 []

[13
\@writefile{toc}{\contentsline {paragraph}{Corollary 5}{13}}
\@writefile{toc}{\contentsline {paragraph}{Proof:}{13}}
\@writefile{toc}{\contentsline {paragraph}{Corollary 6}{13}}
\@writefile{toc}{\contentsline {paragraph}{Proof:}{13}}
])
! Emergency stop.
<*> /home/retr0/Documents/PAPER1_KJM.tex
                                        
*** (job aborted, no legal \end found)

 
Here is how much of TeX's memory you used:
 6419 strings out of 492982
 88897 string characters out of 6134896
 215635 words of memory out of 5000000
 9846 multiletter control sequences out of 15000+600000
 12360 words of font info for 54 fonts, out of 8000000 for 9000
 1141 hyphenation exceptions out of 8191
 44i,8n,42p,1442b,368s stack positions out of 5000i,500n,10000p,200000b,80000s
!  ==> Fatal error occurred, no output PDF file produced!
